Using pre-set license
Built from '2020.3/staging' branch; Version is '2020.3.0f1 (c7b5465681fb) revision 13088070'; Using compiler version '192528614'; Build Type 'Release'
OS: 'Windows 8.1  (6.3.0) 64bit' Language: 'ru' Physical Memory: 7364 MB
BatchMode: 1, IsHumanControllingUs: 0, StartBugReporterOnCrash: 0, Is64bit: 1, IsPro: 0

 COMMAND LINE ARGUMENTS:
C:\Program Files\Unity\Hub\Editor\2019.4.11f1\Editor\Unity.exe
-adb2
-batchMode
-noUpm
-name
AssetImportWorker0
-projectPath
C:/Huynity/SCS/SCS-Game
-logFile
Logs/AssetImportWorker0.log
-srvPort
57576
Successfully changed project path to: C:/Huynity/SCS/SCS-Game
C:/Huynity/SCS/SCS-Game
Using Asset Import Pipeline V2.
Refreshing native plugins compatible for Editor in 139.25 ms, found 1 plugins.
Preloading 0 native plugins for Editor in 0.00 ms.
Initialize engine version: 2020.3.0f1 (c7b5465681fb)
[Subsystems] Discovering subsystems at path C:/Program Files/Unity/Hub/Editor/2019.4.11f1/Editor/Data/Resources/UnitySubsystems
[Subsystems] Discovering subsystems at path C:/Huynity/SCS/SCS-Game/Assets
GfxDevice: creating device client; threaded=0
d3d11: QueryInterface(IDXGIFactory5) failed (80004002).
Direct3D:
    Version:  Direct3D 11.0 [level 11.0]
    Renderer: AMD Radeon HD 8650G (ID=0x990b)
    Vendor:   
    VRAM:     2777 MB
    Driver:   15.200.1062.1004
Initialize mono
Mono path[0] = 'C:/Program Files/Unity/Hub/Editor/2019.4.11f1/Editor/Data/Managed'
Mono path[1] = 'C:/Program Files/Unity/Hub/Editor/2019.4.11f1/Editor/Data/MonoBleedingEdge/lib/mono/unityjit'
Mono config path = 'C:/Program Files/Unity/Hub/Editor/2019.4.11f1/Editor/Data/MonoBleedingEdge/etc'
Using monoOptions --debugger-agent=transport=dt_socket,embedding=1,server=y,suspend=n,address=127.0.0.1:56904
Begin MonoManager ReloadAssembly
Registering precompiled unity dll's ...
Register platform support module: C:/Program Files/Unity/Hub/Editor/2019.4.11f1/Editor/Data/PlaybackEngines/WindowsStandaloneSupport/UnityEditor.WindowsStandalone.Extensions.dll
Registered in 0.003992 seconds.
Native extension for WindowsStandalone target not found
Refreshing native plugins compatible for Editor in 98.56 ms, found 1 plugins.
Preloading 0 native plugins for Editor in 0.00 ms.
Invoked RoslynAnalysisRunner static constructor.
RoslynAnalysisRunner will not be running.
RoslynAnalysisRunner has terminated.
Mono: successfully reloaded assembly
- Completed reload, in  2.665 seconds
Platform modules already initialized, skipping
Registering precompiled user dll's ...
Registered in 0.001911 seconds.
Begin MonoManager ReloadAssembly
Native extension for WindowsStandalone target not found
Refreshing native plugins compatible for Editor in 104.92 ms, found 1 plugins.
Preloading 0 native plugins for Editor in 0.00 ms.
Invoked RoslynAnalysisRunner static constructor.
RoslynAnalysisRunner will not be running.
RoslynAnalysisRunner has terminated.
Mono: successfully reloaded assembly
- Completed reload, in  2.493 seconds
Platform modules already initialized, skipping
========================================================================
Worker process is ready to serve import requests
Launched and connected shader compiler UnityShaderCompiler.exe after 0.05 seconds
Refreshing native plugins compatible for Editor in 1.13 ms, found 1 plugins.
Preloading 0 native plugins for Editor in 0.00 ms.
Unloading 1824 Unused Serialized files (Serialized files now loaded: 0)
System memory in use before: 85.2 MB.
System memory in use after: 85.3 MB.

Unloading 21 unused Assets to reduce memory usage. Loaded Objects now: 2271.
Total: 6.942555 ms (FindLiveObjects: 0.835503 ms CreateObjectMapping: 0.164967 ms MarkObjects: 5.685197 ms  DeleteObjects: 0.254426 ms)

========================================================================
Received Import Request.
  path: Assets/Scenes/Level 0.unity
  artifactKey: Guid(147db26f38d985b48928d732d7b9773f) Importer(815301076,1909f56bfc062723c751e8b465ee728b)
Start importing Assets/Scenes/Level 0.unity using Guid(147db26f38d985b48928d732d7b9773f) Importer(815301076,1909f56bfc062723c751e8b465ee728b)  -> (artifact id: '0eccf23ec146f10bee437c9f3c2fb8bd') in 0.029555 seconds
  Import took 0.036062 seconds .

========================================================================
Received Import Request.
  Time since last request: 57.407378 seconds.
  path: Assets/Scenes/Level 1.unity
  artifactKey: Guid(10fe1042e8b13054c84ad1dcfb28fa76) Importer(815301076,1909f56bfc062723c751e8b465ee728b)
Start importing Assets/Scenes/Level 1.unity using Guid(10fe1042e8b13054c84ad1dcfb28fa76) Importer(815301076,1909f56bfc062723c751e8b465ee728b)  -> (artifact id: '8c8d8e12c0765a3966a27febd9037431') in 0.005729 seconds
  Import took 0.013219 seconds .

========================================================================
Received Prepare
Registering precompiled user dll's ...
Registered in 0.002321 seconds.
Begin MonoManager ReloadAssembly
Native extension for WindowsStandalone target not found
Refreshing native plugins compatible for Editor in 1.25 ms, found 1 plugins.
Preloading 0 native plugins for Editor in 0.00 ms.
Invoked RoslynAnalysisRunner static constructor.
RoslynAnalysisRunner will not be running.
RoslynAnalysisRunner has terminated.
Mono: successfully reloaded assembly
- Completed reload, in  2.610 seconds
Platform modules already initialized, skipping
Refreshing native plugins compatible for Editor in 0.90 ms, found 1 plugins.
Preloading 0 native plugins for Editor in 0.00 ms.
Unloading 1815 Unused Serialized files (Serialized files now loaded: 0)
System memory in use before: 84.9 MB.
System memory in use after: 85.0 MB.

Unloading 9 unused Assets to reduce memory usage. Loaded Objects now: 2275.
Total: 5.666730 ms (FindLiveObjects: 0.482589 ms CreateObjectMapping: 0.141166 ms MarkObjects: 4.832048 ms  DeleteObjects: 0.208055 ms)

========================================================================
Received Import Request.
  Time since last request: 63.152993 seconds.
  path: Assets/Scenes/Level 0.unity
  artifactKey: Guid(147db26f38d985b48928d732d7b9773f) Importer(815301076,1909f56bfc062723c751e8b465ee728b)
Start importing Assets/Scenes/Level 0.unity using Guid(147db26f38d985b48928d732d7b9773f) Importer(815301076,1909f56bfc062723c751e8b465ee728b)  -> (artifact id: '3b179d0774a4037f1c9a2bb961f305f1') in 0.035239 seconds
  Import took 0.042310 seconds .

========================================================================
Received Import Request.
  Time since last request: 0.000788 seconds.
  path: Assets/Scenes/Level 0.unity
  artifactKey: Guid(147db26f38d985b48928d732d7b9773f) Importer(815301076,1909f56bfc062723c751e8b465ee728b)
Start importing Assets/Scenes/Level 0.unity using Guid(147db26f38d985b48928d732d7b9773f) Importer(815301076,1909f56bfc062723c751e8b465ee728b)  -> (artifact id: '3b179d0774a4037f1c9a2bb961f305f1') in 0.004424 seconds
  Import took 0.012315 seconds .

========================================================================
Received Import Request.
  Time since last request: 16.257660 seconds.
  path: Assets/Scenes/Level 2.unity
  artifactKey: Guid(88db745f01a6e51419f554d9aae3eb2d) Importer(815301076,1909f56bfc062723c751e8b465ee728b)
Start importing Assets/Scenes/Level 2.unity using Guid(88db745f01a6e51419f554d9aae3eb2d) Importer(815301076,1909f56bfc062723c751e8b465ee728b)  -> (artifact id: '1c993be9c342ba6cabbd40c31c6279a5') in 0.005841 seconds
  Import took 0.012318 seconds .

========================================================================
Received Import Request.
  Time since last request: 3.529986 seconds.
  path: Assets/Scenes/Level 0.unity
  artifactKey: Guid(147db26f38d985b48928d732d7b9773f) Importer(815301076,1909f56bfc062723c751e8b465ee728b)
Start importing Assets/Scenes/Level 0.unity using Guid(147db26f38d985b48928d732d7b9773f) Importer(815301076,1909f56bfc062723c751e8b465ee728b)  -> (artifact id: '353d6124abb0ebf197479b583eb51bcd') in 0.004482 seconds
  Import took 0.010283 seconds .

========================================================================
Received Import Request.
  Time since last request: 67.257127 seconds.
  path: Assets/Scenes/Level 1.unity
  artifactKey: Guid(10fe1042e8b13054c84ad1dcfb28fa76) Importer(815301076,1909f56bfc062723c751e8b465ee728b)
Start importing Assets/Scenes/Level 1.unity using Guid(10fe1042e8b13054c84ad1dcfb28fa76) Importer(815301076,1909f56bfc062723c751e8b465ee728b)  -> (artifact id: 'f614cea4ce30becfd500e51e7f62dd8e') in 0.004432 seconds
  Import took 0.010998 seconds .

========================================================================
Received Prepare
Registering precompiled user dll's ...
Registered in 0.001875 seconds.
Begin MonoManager ReloadAssembly
Native extension for WindowsStandalone target not found
Refreshing native plugins compatible for Editor in 0.77 ms, found 1 plugins.
Preloading 0 native plugins for Editor in 0.00 ms.
Invoked RoslynAnalysisRunner static constructor.
RoslynAnalysisRunner will not be running.
RoslynAnalysisRunner has terminated.
Mono: successfully reloaded assembly
- Completed reload, in  2.022 seconds
Platform modules already initialized, skipping
Refreshing native plugins compatible for Editor in 0.76 ms, found 1 plugins.
Preloading 0 native plugins for Editor in 0.00 ms.
Unloading 1815 Unused Serialized files (Serialized files now loaded: 0)
System memory in use before: 85.0 MB.
System memory in use after: 85.1 MB.

Unloading 9 unused Assets to reduce memory usage. Loaded Objects now: 2279.
Total: 5.653599 ms (FindLiveObjects: 0.563021 ms CreateObjectMapping: 0.157991 ms MarkObjects: 4.785677 ms  DeleteObjects: 0.143628 ms)

AssetImportWorkerClient::OnTransportError - code=2 error=End of file
